android/build/outputs/logs/manifest-merger-debug-report.txt
-- Merging decision tree log ---
manifest
ADDED from test2/android/AndroidManifest.xml:2:1-40:12
	package
		ADDED from test2/android/AndroidManifest.xml:3:5-29
		INJECTED from test2/android/AndroidManifest.xml
		INJECTED from test2/android/AndroidManifest.xml
	android:versionName
		ADDED from test2/android/AndroidManifest.xml:5:5-30
		INJECTED from test2/android/AndroidManifest.xml
		INJECTED from test2/android/AndroidManifest.xml
	android:versionCode
		ADDED from test2/android/AndroidManifest.xml:4:5-28
		INJECTED from test2/android/AndroidManifest.xml
		INJECTED from test2/android/AndroidManifest.xml
	xmlns:android
		ADDED from test2/android/AndroidManifest.xml:2:11-69
uses-permission#android.permission.ACCESS_WIFI_STATE
ADDED from test2/android/AndroidManifest.xml:6:5-8:62
	android:required
		ADDED from test2/android/AndroidManifest.xml:7:9-32
	android:name
		ADDED from test2/android/AndroidManifest.xml:8:9-60
uses-permission#android.permission.CHANGE_WIFI_STATE
ADDED from test2/android/AndroidManifest.xml:9:5-11:62
	android:required
		ADDED from test2/android/AndroidManifest.xml:10:9-32
	android:name
		ADDED from test2/android/AndroidManifest.xml:11:9-60
uses-permission#android.permission.INTERNET
ADDED from test2/android/AndroidManifest.xml:12:5-14:53
	android:required
		ADDED from test2/android/AndroidManifest.xml:13:9-32
	android:name
		ADDED from test2/android/AndroidManifest.xml:14:9-51
uses-sdk
ADDED from test2/android/AndroidManifest.xml:15:5-73
MERGED from [com.android.support:appcompat-v7:22.0.0] AndroidManifest.xml:20:5-43
MERGED from [com.android.support:support-v4:22.0.0] AndroidManifest.xml:20:5-43
	android:targetSdkVersion
		ADDED from test2/android/AndroidManifest.xml:15:41-70
		INJECTED from test2/android/AndroidManifest.xml
		INJECTED from test2/android/AndroidManifest.xml
	android:minSdkVersion
		ADDED from test2/android/AndroidManifest.xml:15:15-40
		INJECTED from test2/android/AndroidManifest.xml
		INJECTED from test2/android/AndroidManifest.xml
application
ADDED from test2/android/AndroidManifest.xml:17:5-38:19
MERGED from [com.android.support:appcompat-v7:22.0.0] AndroidManifest.xml:22:5-20
MERGED from [com.android.support:support-v4:22.0.0] AndroidManifest.xml:22:5-20
	android:label
		ADDED from test2/android/AndroidManifest.xml:20:9-41
	android:allowBackup
		ADDED from test2/android/AndroidManifest.xml:18:9-35
	android:icon
		ADDED from test2/android/AndroidManifest.xml:19:9-45
	android:theme
		ADDED from test2/android/AndroidManifest.xml:21:9-62
activity#com.mygdx.game.AndroidLauncher
ADDED from test2/android/AndroidManifest.xml:23:9-32:20
	android:screenOrientation
		ADDED from test2/android/AndroidManifest.xml:26:13-50
	android:label
		ADDED from test2/android/AndroidManifest.xml:25:13-45
	android:configChanges
		ADDED from test2/android/AndroidManifest.xml:27:13-83
	android:name
		ADDED from test2/android/AndroidManifest.xml:24:13-58
intent-filter#android.intent.action.MAIN+android.intent.category.LAUNCHER
ADDED from test2/android/AndroidManifest.xml:28:13-31:29
action#android.intent.action.MAIN
ADDED from test2/android/AndroidManifest.xml:29:17-69
	android:name
		ADDED from test2/android/AndroidManifest.xml:29:25-66
category#android.intent.category.LAUNCHER
ADDED from test2/android/AndroidManifest.xml:30:17-77
	android:name
		ADDED from test2/android/AndroidManifest.xml:30:27-74
activity#com.mygdx.game.WiFiDirectActivity
ADDED from test2/android/AndroidManifest.xml:33:9-37:16
	android:screenOrientation
		ADDED from test2/android/AndroidManifest.xml:35:13-50
	android:label
		ADDED from test2/android/AndroidManifest.xml:34:13-45
	android:configChanges
		ADDED from test2/android/AndroidManifest.xml:36:13-83
	android:name
		ADDED from test2/android/AndroidManifest.xml:33:19-53